c:\users\confi\onedrive\documents\current classes\cis4930\project 1\project 1 qv\cis4930\x64\debug\vc143.pdb
c:\users\confi\onedrive\documents\current classes\cis4930\project 1\project 1 qv\cis4930\x64\debug\.netframework,version=v4.8.assemblyattributes.obj
c:\users\confi\onedrive\documents\current classes\cis4930\project 1\project 1 qv\cis4930\x64\debug\singledojirecognizer.obj
c:\users\confi\onedrive\documents\current classes\cis4930\project 1\project 1 qv\cis4930\x64\debug\recognizer.obj
c:\users\confi\onedrive\documents\current classes\cis4930\project 1\project 1 qv\cis4930\x64\debug\myform.obj
c:\users\confi\onedrive\documents\current classes\cis4930\project 1\project 1 qv\cis4930\x64\debug\form2.obj
c:\users\confi\onedrive\documents\current classes\cis4930\project 1\project 1 qv\cis4930\x64\debug\doubledojirecognizer.obj
c:\users\confi\onedrive\documents\current classes\cis4930\project 1\project 1 qv\cis4930\x64\debug\candlestickreader.obj
c:\users\confi\onedrive\documents\current classes\cis4930\project 1\project 1 qv\cis4930\x64\debug\candlestick.obj
c:\users\confi\onedrive\documents\current classes\cis4930\project 1\project 1 qv\cis4930\x64\debug\dojichart.obj
c:\users\confi\onedrive\documents\current classes\cis4930\project 1\project 1 qv\cis4930\x64\debug\cis4930.exe
c:\users\confi\onedrive\documents\current classes\cis4930\project 1\project 1 qv\cis4930\x64\debug\cis4930.pdb
c:\users\confi\onedrive\documents\current classes\cis4930\project 1\project 1 qv\cis4930\x64\debug\cis4930.exe.metagen
c:\users\confi\onedrive\documents\current classes\cis4930\project 1\project 1 qv\cis4930\x64\debug\cis4930.tlog\cl.command.1.tlog
c:\users\confi\onedrive\documents\current classes\cis4930\project 1\project 1 qv\cis4930\x64\debug\cis4930.tlog\cl.items.tlog
c:\users\confi\onedrive\documents\current classes\cis4930\project 1\project 1 qv\cis4930\x64\debug\cis4930.tlog\cl.read.1.tlog
c:\users\confi\onedrive\documents\current classes\cis4930\project 1\project 1 qv\cis4930\x64\debug\cis4930.tlog\cl.write.1.tlog
c:\users\confi\onedrive\documents\current classes\cis4930\project 1\project 1 qv\cis4930\x64\debug\cis4930.tlog\link.command.1.tlog
c:\users\confi\onedrive\documents\current classes\cis4930\project 1\project 1 qv\cis4930\x64\debug\cis4930.tlog\link.read.1.tlog
c:\users\confi\onedrive\documents\current classes\cis4930\project 1\project 1 qv\cis4930\x64\debug\cis4930.tlog\link.write.1.tlog
c:\users\confi\onedrive\documents\current classes\cis4930\project 1\project 1 qv\cis4930\x64\debug\cis4930.tlog\metagen.read.1.tlog
c:\users\confi\onedrive\documents\current classes\cis4930\project 1\project 1 qv\cis4930\x64\debug\cis4930.tlog\metagen.write.1.tlog
c:\users\confi\onedrive\documents\current classes\cis4930\project 1\project 1 qv\cis4930\x64\debug\cis4930.tlog\resgen.command.1.tlog
c:\users\confi\onedrive\documents\current classes\cis4930\project 1\project 1 qv\cis4930\x64\debug\cis4930.tlog\resgen.read.1.tlog
c:\users\confi\onedrive\documents\current classes\cis4930\project 1\project 1 qv\cis4930\x64\debug\cis4930.tlog\resgen.write.1.tlog
